# JRE version: OpenJDK Runtime Environment Temurin-17.0.7+7 (17.0.7+7) (build 17.0.7+7)
# Java VM: OpenJDK 64-Bit Server VM Temurin-17.0.7+7 (17.0.7+7, mixed mode, tiered, compressed oops, compressed class ptrs, parallel gc, windows-amd64)
GC Precious Log:
 CPUs: 4 total, 4 available
 Memory: 2806M
 Large Page Support: Disabled
 NUMA Support: Disabled
 Compressed Oops: Enabled (32-bit)
 Alignments: Space 512K, Generation 512K, Heap 2M
 Heap Min Capacity: 100M
 Heap Initial Capacity: 100M
 Heap Max Capacity: 1G
 Pre-touch: Disabled
 Parallel Workers: 4
Heap:
 PSYoungGen      total 23040K, used 4276K [0x00000000eab00000, 0x00000000ec480000, 0x0000000100000000)
  eden space 19968K, 7% used [0x00000000eab00000,0x00000000eac85a90,0x00000000ebe80000)
  from space 3072K, 88% used [0x00000000ec180000,0x00000000ec427578,0x00000000ec480000)
  to   space 3072K, 0% used [0x00000000ebe80000,0x00000000ebe80000,0x00000000ec180000)
 ParOldGen       total 68608K, used 41211K [0x00000000c0000000, 0x00000000c4300000, 0x00000000eab00000)
  object space 68608K, 60% used [0x00000000c0000000,0x00000000c283ecc8,0x00000000c4300000)
 Metaspace       used 66309K, committed 67328K, reserved 1114112K
  class space    used 7141K, committed 7616K, reserved 1048576K
GC Heap History (20 events):
Event: 93.327 GC heap before
{Heap before GC invocations=24 (full 2):
 PSYoungGen      total 22528K, used 22528K [0x00000000eab00000, 0x00000000ec880000, 0x0000000100000000)
  eden space 19968K, 100% used [0x00000000eab00000,0x00000000ebe80000,0x00000000ebe80000)
  from space 2560K, 100% used [0x00000000ebf00000,0x00000000ec180000,0x00000000ec180000)
  to   space 5120K, 0% used [0x00000000ec380000,0x00000000ec380000,0x00000000ec880000)
 ParOldGen       total 68608K, used 32427K [0x00000000c0000000, 0x00000000c4300000, 0x00000000eab00000)
  object space 68608K, 47% used [0x00000000c0000000,0x00000000c1faac90,0x00000000c4300000)
 Metaspace       used 54788K, committed 55680K, reserved 1114112K
  class space    used 6000K, committed 6400K, reserved 1048576K
}
Event: 93.353 GC heap after
{Heap after GC invocations=24 (full 2):
 PSYoungGen      total 20992K, used 893K [0x00000000eab00000, 0x00000000ec480000, 0x0000000100000000)
  eden space 19968K, 0% used [0x00000000eab00000,0x00000000eab00000,0x00000000ebe80000)
  from space 1024K, 87% used [0x00000000ec380000,0x00000000ec45f710,0x00000000ec480000)
  to   space 2560K, 0% used [0x00000000ebf80000,0x00000000ebf80000,0x00000000ec200000)
 ParOldGen       total 68608K, used 35036K [0x00000000c0000000, 0x00000000c4300000, 0x00000000eab00000)
  object space 68608K, 51% used [0x00000000c0000000,0x00000000c22373f8,0x00000000c4300000)
 Metaspace       used 54788K, committed 55680K, reserved 1114112K
  class space    used 6000K, committed 6400K, reserved 1048576K
}
Event: 94.991 GC heap before
{Heap before GC invocations=25 (full 2):
 PSYoungGen      total 20992K, used 20854K [0x00000000eab00000, 0x00000000ec480000, 0x0000000100000000)
  eden space 19968K, 99% used [0x00000000eab00000,0x00000000ebe7e1d8,0x00000000ebe80000)
  from space 1024K, 87% used [0x00000000ec380000,0x00000000ec45f710,0x00000000ec480000)
  to   space 2560K, 0% used [0x00000000ebf80000,0x00000000ebf80000,0x00000000ec200000)
 ParOldGen       total 68608K, used 35036K [0x00000000c0000000, 0x00000000c4300000, 0x00000000eab00000)
  object space 68608K, 51% used [0x00000000c0000000,0x00000000c22373f8,0x00000000c4300000)
 Metaspace       used 56191K, committed 57088K, reserved 1114112K
  class space    used 6183K, committed 6592K, reserved 1048576K
}
Event: 95.010 GC heap after
{Heap after GC invocations=25 (full 2):
 PSYoungGen      total 22528K, used 512K [0x00000000eab00000, 0x00000000ec400000, 0x0000000100000000)
  eden space 19968K, 0% used [0x00000000eab00000,0x00000000eab00000,0x00000000ebe80000)
  from space 2560K, 20% used [0x00000000ebf80000,0x00000000ec000010,0x00000000ec200000)
  to   space 1024K, 0% used [0x00000000ec300000,0x00000000ec300000,0x00000000ec400000)
 ParOldGen       total 68608K, used 35877K [0x00000000c0000000, 0x00000000c4300000, 0x00000000eab00000)
  object space 68608K, 52% used [0x00000000c0000000,0x00000000c2309620,0x00000000c4300000)
 Metaspace       used 56191K, committed 57088K, reserved 1114112K
  class space    used 6183K, committed 6592K, reserved 1048576K
}
Event: 96.472 GC heap before
{Heap before GC invocations=26 (full 2):
 PSYoungGen      total 22528K, used 20480K [0x00000000eab00000, 0x00000000ec400000, 0x0000000100000000)
  eden space 19968K, 100% used [0x00000000eab00000,0x00000000ebe80000,0x00000000ebe80000)
  from space 2560K, 20% used [0x00000000ebf80000,0x00000000ec000010,0x00000000ec200000)
  to   space 1024K, 0% used [0x00000000ec300000,0x00000000ec300000,0x00000000ec400000)
 ParOldGen       total 68608K, used 35877K [0x00000000c0000000, 0x00000000c4300000, 0x00000000eab00000)
  object space 68608K, 52% used [0x00000000c0000000,0x00000000c2309620,0x00000000c4300000)
 Metaspace       used 57442K, committed 58432K, reserved 1114112K
  class space    used 6291K, committed 6720K, reserved 1048576K
}
Event: 96.479 GC heap after
{Heap after GC invocations=26 (full 2):
 PSYoungGen      total 20992K, used 1007K [0x00000000eab00000, 0x00000000ec400000, 0x0000000100000000)
  eden space 19968K, 0% used [0x00000000eab00000,0x00000000eab00000,0x00000000ebe80000)
  from space 1024K, 98% used [0x00000000ec300000,0x00000000ec3fbfc8,0x00000000ec400000)
  to   space 2048K, 0% used [0x00000000ec000000,0x00000000ec000000,0x00000000ec200000)
 ParOldGen       total 68608K, used 36588K [0x00000000c0000000, 0x00000000c4300000, 0x00000000eab00000)
  object space 68608K, 53% used [0x00000000c0000000,0x00000000c23bb020,0x00000000c4300000)
 Metaspace       used 57442K, committed 58432K, reserved 1114112K
  class space    used 6291K, committed 6720K, reserved 1048576K
}
Event: 96.773 GC heap before
{Heap before GC invocations=27 (full 2):
 PSYoungGen      total 20992K, used 20975K [0x00000000eab00000, 0x00000000ec400000, 0x0000000100000000)
  eden space 19968K, 100% used [0x00000000eab00000,0x00000000ebe80000,0x00000000ebe80000)
  from space 1024K, 98% used [0x00000000ec300000,0x00000000ec3fbfc8,0x00000000ec400000)
  to   space 2048K, 0% used [0x00000000ec000000,0x00000000ec000000,0x00000000ec200000)
 ParOldGen       total 68608K, used 36588K [0x00000000c0000000, 0x00000000c4300000, 0x00000000eab00000)
  object space 68608K, 53% used [0x00000000c0000000,0x00000000c23bb020,0x00000000c4300000)
 Metaspace       used 57729K, committed 58624K, reserved 1114112K
  class space    used 6332K, committed 6720K, reserved 1048576K
}
Event: 96.782 GC heap after
{Heap after GC invocations=27 (full 2):
 PSYoungGen      total 22016K, used 927K [0x00000000eab00000, 0x00000000ec380000, 0x0000000100000000)
  eden space 19968K, 0% used [0x00000000eab00000,0x00000000eab00000,0x00000000ebe80000)
  from space 2048K, 45% used [0x00000000ec000000,0x00000000ec0e7de8,0x00000000ec200000)
  to   space 1536K, 0% used [0x00000000ec200000,0x00000000ec200000,0x00000000ec380000)
 ParOldGen       total 68608K, used 37605K [0x00000000c0000000, 0x00000000c4300000, 0x00000000eab00000)
  object space 68608K, 54% used [0x00000000c0000000,0x00000000c24b9430,0x00000000c4300000)
 Metaspace       used 57729K, committed 58624K, reserved 1114112K
  class space    used 6332K, committed 6720K, reserved 1048576K
}
Event: 97.753 GC heap before
{Heap before GC invocations=28 (full 2):
 PSYoungGen      total 22016K, used 13023K [0x00000000eab00000, 0x00000000ec380000, 0x0000000100000000)
  eden space 19968K, 60% used [0x00000000eab00000,0x00000000eb6d0028,0x00000000ebe80000)
  from space 2048K, 45% used [0x00000000ec000000,0x00000000ec0e7de8,0x00000000ec200000)
  to   space 1536K, 0% used [0x00000000ec200000,0x00000000ec200000,0x00000000ec380000)
 ParOldGen       total 68608K, used 37605K [0x00000000c0000000, 0x00000000c4300000, 0x00000000eab00000)
  object space 68608K, 54% used [0x00000000c0000000,0x00000000c24b9430,0x00000000c4300000)
 Metaspace       used 58758K, committed 59776K, reserved 1114112K
  class space    used 6442K, committed 6912K, reserved 1048576K
}
Event: 97.755 GC heap after
{Heap after GC invocations=28 (full 2):
 PSYoungGen      total 20992K, used 800K [0x00000000eab00000, 0x00000000ec300000, 0x0000000100000000)
  eden space 19968K, 0% used [0x00000000eab00000,0x00000000eab00000,0x00000000ebe80000)
  from space 1024K, 78% used [0x00000000ec200000,0x00000000ec2c8000,0x00000000ec300000)
  to   space 1024K, 0% used [0x00000000ec100000,0x00000000ec100000,0x00000000ec200000)
 ParOldGen       total 68608K, used 37685K [0x00000000c0000000, 0x00000000c4300000, 0x00000000eab00000)
  object space 68608K, 54% used [0x00000000c0000000,0x00000000c24cd460,0x00000000c4300000)
 Metaspace       used 58758K, committed 59776K, reserved 1114112K
  class space    used 6442K, committed 6912K, reserved 1048576K
}
Event: 97.755 GC heap before
{Heap before GC invocations=29 (full 3):
 PSYoungGen      total 20992K, used 800K [0x00000000eab00000, 0x00000000ec300000, 0x0000000100000000)
  eden space 19968K, 0% used [0x00000000eab00000,0x00000000eab00000,0x00000000ebe80000)
  from space 1024K, 78% used [0x00000000ec200000,0x00000000ec2c8000,0x00000000ec300000)
  to   space 1024K, 0% used [0x00000000ec100000,0x00000000ec100000,0x00000000ec200000)
 ParOldGen       total 68608K, used 37685K [0x00000000c0000000, 0x00000000c4300000, 0x00000000eab00000)
  object space 68608K, 54% used [0x00000000c0000000,0x00000000c24cd460,0x00000000c4300000)
 Metaspace       used 58758K, committed 59776K, reserved 1114112K
  class space    used 6442K, committed 6912K, reserved 1048576K
}
Event: 99.307 GC heap after
{Heap after GC invocations=29 (full 3):
 PSYoungGen      total 20992K, used 0K [0x00000000eab00000, 0x00000000ec300000, 0x0000000100000000)
  eden space 19968K, 0% used [0x00000000eab00000,0x00000000eab00000,0x00000000ebe80000)
  from space 1024K, 0% used [0x00000000ec200000,0x00000000ec200000,0x00000000ec300000)
  to   space 1024K, 0% used [0x00000000ec100000,0x00000000ec100000,0x00000000ec200000)
 ParOldGen       total 68608K, used 35725K [0x00000000c0000000, 0x00000000c4300000, 0x00000000eab00000)
  object space 68608K, 52% used [0x00000000c0000000,0x00000000c22e36f0,0x00000000c4300000)
 Metaspace       used 58758K, committed 59776K, reserved 1114112K
  class space    used 6442K, committed 6912K, reserved 1048576K
}
Event: 103.663 GC heap before
{Heap before GC invocations=30 (full 3):
 PSYoungGen      total 20992K, used 19967K [0x00000000eab00000, 0x00000000ec300000, 0x0000000100000000)
  eden space 19968K, 99% used [0x00000000eab00000,0x00000000ebe7fc68,0x00000000ebe80000)
  from space 1024K, 0% used [0x00000000ec200000,0x00000000ec200000,0x00000000ec300000)
  to   space 1024K, 0% used [0x00000000ec100000,0x00000000ec100000,0x00000000ec200000)
 ParOldGen       total 68608K, used 35725K [0x00000000c0000000, 0x00000000c4300000, 0x00000000eab00000)
  object space 68608K, 52% used [0x00000000c0000000,0x00000000c22e36f0,0x00000000c4300000)
 Metaspace       used 62103K, committed 63168K, reserved 1114112K
  class space    used 6781K, committed 7232K, reserved 1048576K
}
Event: 103.670 GC heap after
{Heap after GC invocations=30 (full 3):
 PSYoungGen      total 20992K, used 1015K [0x00000000eab00000, 0x00000000ec280000, 0x0000000100000000)
  eden space 19968K, 0% used [0x00000000eab00000,0x00000000eab00000,0x00000000ebe80000)
  from space 1024K, 99% used [0x00000000ec100000,0x00000000ec1fdfc8,0x00000000ec200000)
  to   space 512K, 0% used [0x00000000ec200000,0x00000000ec200000,0x00000000ec280000)
 ParOldGen       total 68608K, used 36005K [0x00000000c0000000, 0x00000000c4300000, 0x00000000eab00000)
  object space 68608K, 52% used [0x00000000c0000000,0x00000000c2329710,0x00000000c4300000)
 Metaspace       used 62103K, committed 63168K, reserved 1114112K
  class space    used 6781K, committed 7232K, reserved 1048576K
}
Event: 105.755 GC heap before
{Heap before GC invocations=31 (full 3):
 PSYoungGen      total 20992K, used 20983K [0x00000000eab00000, 0x00000000ec280000, 0x0000000100000000)
  eden space 19968K, 100% used [0x00000000eab00000,0x00000000ebe80000,0x00000000ebe80000)
  from space 1024K, 99% used [0x00000000ec100000,0x00000000ec1fdfc8,0x00000000ec200000)
  to   space 512K, 0% used [0x00000000ec200000,0x00000000ec200000,0x00000000ec280000)
 ParOldGen       total 68608K, used 36005K [0x00000000c0000000, 0x00000000c4300000, 0x00000000eab00000)
  object space 68608K, 52% used [0x00000000c0000000,0x00000000c2329710,0x00000000c4300000)
 Metaspace       used 64357K, committed 65408K, reserved 1114112K
  class space    used 6995K, committed 7488K, reserved 1048576K
}
Event: 105.760 GC heap after
{Heap after GC invocations=31 (full 3):
 PSYoungGen      total 20480K, used 486K [0x00000000eab00000, 0x00000000ec580000, 0x0000000100000000)
  eden space 19968K, 0% used [0x00000000eab00000,0x00000000eab00000,0x00000000ebe80000)
  from space 512K, 95% used [0x00000000ec200000,0x00000000ec279bb8,0x00000000ec280000)
  to   space 3584K, 0% used [0x00000000ebe80000,0x00000000ebe80000,0x00000000ec200000)
 ParOldGen       total 68608K, used 38394K [0x00000000c0000000, 0x00000000c4300000, 0x00000000eab00000)
  object space 68608K, 55% used [0x00000000c0000000,0x00000000c257e988,0x00000000c4300000)
 Metaspace       used 64357K, committed 65408K, reserved 1114112K
  class space    used 6995K, committed 7488K, reserved 1048576K
}
Event: 107.678 GC heap before
{Heap before GC invocations=32 (full 3):
 PSYoungGen      total 20480K, used 20454K [0x00000000eab00000, 0x00000000ec580000, 0x0000000100000000)
  eden space 19968K, 100% used [0x00000000eab00000,0x00000000ebe80000,0x00000000ebe80000)
  from space 512K, 95% used [0x00000000ec200000,0x00000000ec279bb8,0x00000000ec280000)
  to   space 3584K, 0% used [0x00000000ebe80000,0x00000000ebe80000,0x00000000ec200000)
 ParOldGen       total 68608K, used 38394K [0x00000000c0000000, 0x00000000c4300000, 0x00000000eab00000)
  object space 68608K, 55% used [0x00000000c0000000,0x00000000c257e988,0x00000000c4300000)
 Metaspace       used 65687K, committed 66688K, reserved 1114112K
  class space    used 7090K, committed 7552K, reserved 1048576K
}
Event: 107.713 GC heap after
{Heap after GC invocations=32 (full 3):
 PSYoungGen      total 22528K, used 2438K [0x00000000eab00000, 0x00000000ec480000, 0x0000000100000000)
  eden space 19968K, 0% used [0x00000000eab00000,0x00000000eab00000,0x00000000ebe80000)
  from space 2560K, 95% used [0x00000000ebe80000,0x00000000ec0e1860,0x00000000ec100000)
  to   space 3072K, 0% used [0x00000000ec180000,0x00000000ec180000,0x00000000ec480000)
 ParOldGen       total 68608K, used 38873K [0x00000000c0000000, 0x00000000c4300000, 0x00000000eab00000)
  object space 68608K, 56% used [0x00000000c0000000,0x00000000c25f6610,0x00000000c4300000)
 Metaspace       used 65687K, committed 66688K, reserved 1114112K
  class space    used 7090K, committed 7552K, reserved 1048576K
}
Event: 109.035 GC heap before
{Heap before GC invocations=33 (full 3):
 PSYoungGen      total 22528K, used 22401K [0x00000000eab00000, 0x00000000ec480000, 0x0000000100000000)
  eden space 19968K, 99% used [0x00000000eab00000,0x00000000ebe7ee58,0x00000000ebe80000)
  from space 2560K, 95% used [0x00000000ebe80000,0x00000000ec0e1860,0x00000000ec100000)
  to   space 3072K, 0% used [0x00000000ec180000,0x00000000ec180000,0x00000000ec480000)
 ParOldGen       total 68608K, used 38873K [0x00000000c0000000, 0x00000000c4300000, 0x00000000eab00000)
  object space 68608K, 56% used [0x00000000c0000000,0x00000000c25f6610,0x00000000c4300000)
 Metaspace       used 66116K, committed 67200K, reserved 1114112K
  class space    used 7128K, committed 7616K, reserved 1048576K
}
Event: 109.273 GC heap after
{Heap after GC invocations=33 (full 3):
 PSYoungGen      total 23040K, used 2717K [0x00000000eab00000, 0x00000000ec480000, 0x0000000100000000)
  eden space 19968K, 0% used [0x00000000eab00000,0x00000000eab00000,0x00000000ebe80000)
  from space 3072K, 88% used [0x00000000ec180000,0x00000000ec427578,0x00000000ec480000)
  to   space 3072K, 0% used [0x00000000ebe80000,0x00000000ebe80000,0x00000000ec180000)
 ParOldGen       total 68608K, used 41211K [0x00000000c0000000, 0x00000000c4300000, 0x00000000eab00000)
  object space 68608K, 60% used [0x00000000c0000000,0x00000000c283ecc8,0x00000000c4300000)
 Metaspace       used 66116K, committed 67200K, reserved 1114112K
  class space    used 7128K, committed 7616K, reserved 1048576K
}

